<?xml version="1.0" encoding="UTF-8"?>
<!-- Generated by org.testng.reporters.JUnitReportReporter -->
<testsuite skipped="0" hostname="LAPTOP-IFLMPRQ2" name="com.fitsyn.qa.testcases.RailOneAPInvalidEmailData" tests="2" failures="0" timestamp="2021-07-16T19:49:34 IST" time="26.502" errors="0">
  <testcase name="InvalidEmail" time="9.977" classname="com.fitsyn.qa.testcases.RailOneAPInvalidEmailData"/>
  <system-out/>
  <testcase name="submitform" time="16.525" classname="com.fitsyn.qa.testcases.RailOneAPInvalidEmailData"/>
  <system-out/>
</testsuite> <!-- com.fitsyn.qa.testcases.RailOneAPInvalidEmailData -->
