<?xml version="1.0" encoding="UTF-8"?>
<!-- Generated by org.testng.reporters.JUnitReportReporter -->
<testsuite skipped="0" hostname="LAPTOP-IFLMPRQ2" name="com.fitsyn.qa.testcases.RailTwoApplictionAPIData" tests="3" failures="0" timestamp="2021-07-20T19:15:37 IST" time="67.538" errors="0">
  <testcase name="createApp" time="33.341" classname="com.fitsyn.qa.testcases.RailTwoApplictionAPIData"/>
  <system-out/>
  <testcase name="validData" time="8.134" classname="com.fitsyn.qa.testcases.RailTwoApplictionAPIData"/>
  <system-out/>
  <testcase name="submitform" time="26.063" classname="com.fitsyn.qa.testcases.RailTwoApplictionAPIData"/>
  <system-out/>
</testsuite> <!-- com.fitsyn.qa.testcases.RailTwoApplictionAPIData -->
