<?xml version="1.0" encoding="UTF-8"?>
<!-- Generated by org.testng.reporters.JUnitReportReporter -->
<testsuite skipped="0" hostname="LAPTOP-IFLMPRQ2" name="com.fitsyn.qa.testcases.RailOneAPIInvalidData" tests="2" failures="0" timestamp="2021-07-16T17:54:45 IST" time="16.686" errors="0">
  <testcase name="inValidData" time="4.820" classname="com.fitsyn.qa.testcases.RailOneAPIInvalidData"/>
  <system-out/>
  <testcase name="navigateAppListPage" time="11.866" classname="com.fitsyn.qa.testcases.RailOneAPIInvalidData"/>
  <system-out/>
</testsuite> <!-- com.fitsyn.qa.testcases.RailOneAPIInvalidData -->
