<?xml version="1.0" encoding="UTF-8"?>
<!-- Generated by org.testng.reporters.JUnitReportReporter -->
<testsuite skipped="0" hostname="LAPTOP-IFLMPRQ2" name="com.fitsyn.qa.testcases.RailTwoAPIInvalidData" tests="2" failures="0" timestamp="2021-07-16T17:58:06 IST" time="15.754" errors="0">
  <testcase name="inValidData" time="4.886" classname="com.fitsyn.qa.testcases.RailTwoAPIInvalidData"/>
  <system-out/>
  <testcase name="navigateAppListPage" time="10.868" classname="com.fitsyn.qa.testcases.RailTwoAPIInvalidData"/>
  <system-out/>
</testsuite> <!-- com.fitsyn.qa.testcases.RailTwoAPIInvalidData -->
