<?xml version="1.0" encoding="UTF-8"?>
<!-- Generated by org.testng.reporters.JUnitReportReporter -->
<testsuite skipped="0" hostname="LAPTOP-IFLMPRQ2" name="com.fitsyn.qa.testcases.RailOneAPIData" tests="3" failures="0" timestamp="2021-07-16T17:52:13 IST" time="56.454" errors="0">
  <testcase name="createApp" time="28.340" classname="com.fitsyn.qa.testcases.RailOneAPIData"/>
  <system-out/>
  <testcase name="validData" time="6.325" classname="com.fitsyn.qa.testcases.RailOneAPIData"/>
  <system-out/>
  <testcase name="submitform" time="21.789" classname="com.fitsyn.qa.testcases.RailOneAPIData"/>
  <system-out/>
</testsuite> <!-- com.fitsyn.qa.testcases.RailOneAPIData -->
