<?xml version="1.0" encoding="UTF-8"?>
<!-- Generated by org.testng.reporters.JUnitReportReporter -->
<testsuite skipped="0" hostname="LAPTOP-IFLMPRQ2" name="com.fitsyn.qa.testcases.RailTwoAPIData" tests="3" failures="0" timestamp="2021-07-16T17:56:39 IST" time="64.766" errors="0">
  <testcase name="createApp" time="31.211" classname="com.fitsyn.qa.testcases.RailTwoAPIData"/>
  <system-out/>
  <testcase name="validData" time="6.346" classname="com.fitsyn.qa.testcases.RailTwoAPIData"/>
  <system-out/>
  <testcase name="submitform" time="27.209" classname="com.fitsyn.qa.testcases.RailTwoAPIData"/>
  <system-out/>
</testsuite> <!-- com.fitsyn.qa.testcases.RailTwoAPIData -->
